<?xml version="1.0" encoding="UTF-8"?>
<!-- Generated by org.testng.reporters.JUnitReportReporter -->
<testsuite skipped="0" hostname="Nikhil" name="qaclickacademy.AppiumTest" tests="2" failures="0" timestamp="20 Apr 2019 17:46:07 GMT" time="0.000" errors="0">
  <testcase name="IosTest" time="0.000" classname="qaclickacademy.AppiumTest"/>
  <testcase name="AndroidTest" time="0.000" classname="qaclickacademy.AppiumTest"/>
</testsuite> <!-- qaclickacademy.AppiumTest -->
