<?xml version="1.0" encoding="UTF-8"?>
<!-- Generated by org.testng.reporters.JUnitReportReporter -->
<testsuite skipped="0" hostname="Nikhil" name="qaclickacademy.SeleniumTest" tests="2" failures="0" timestamp="20 Apr 2019 17:46:26 GMT" time="0.012" errors="0">
  <testcase name="BrowserTest" time="0.012" classname="qaclickacademy.SeleniumTest"/>
  <testcase name="ContentTest" time="0.000" classname="qaclickacademy.SeleniumTest"/>
</testsuite> <!-- qaclickacademy.SeleniumTest -->
